<?xml version="1.0" encoding="UTF-8"?>
<!-- Generated by org.testng.reporters.JUnitXMLReporter -->
<testsuite ignored="2" hostname="LAPTOP-DS2GTC0C" failures="0" tests="3" name="Test" time="41.045" errors="0" timestamp="2022-01-19T10:00:53 IST">
  <testcase classname="contactTest.DoNotCallBoxIsEnableOrNotTC_22Text" name="EmailOptOutBox" time="6.443"/>
  <testcase classname="contactTest.DoNotCallBoxIsEnableOrNotTC_22Text" name="doNotCallBox" time="6.989"/>
  <testcase classname="contactTest.EmailOptOutBoxIsEnableOrNotTC_23Test" name="EmailOptOutBox" time="6.947"/>
  <testcase classname="com.crm.comcast.GenericUtility.BaseClass" name="@BeforeSuite dataBaseConnection" time="0.0">
    <ignored/>
  </testcase> <!-- @BeforeSuite dataBaseConnection -->
  <testcase classname="com.crm.comcast.GenericUtility.BaseClass" name="@AfterSuite closeDatabase" time="0.0">
    <ignored/>
  </testcase> <!-- @AfterSuite closeDatabase -->
</testsuite> <!-- Test -->
