<?xml version="1.0" encoding="UTF-8"?>
<!-- Generated by org.testng.reporters.JUnitXMLReporter -->
<testsuite ignored="4" hostname="LAPTOP-DS2GTC0C" failures="0" tests="3" name="Test 1" time="48.88" errors="0" timestamp="2022-01-24T08:50:22 IST">
  <testcase classname="contactTest.EmailOptOutBoxIsEnableOrNotTC_23Test" name="EmailOptOutBox" time="8.17"/>
  <testcase classname="contactTest.ReferanceBoxIsEnableOrNotTC_24Test" name="referanceBoxIsEnable" time="7.975"/>
  <testcase classname="contactTest.DoNotCallBoxIsEnableOrNotTC_22Text" name="doNotCallBox" time="8.676"/>
  <testcase classname="com.crm.comcast.GenericUtility.BaseClass" name="@BeforeSuite dataBaseConnection" time="0.0">
    <ignored/>
  </testcase> <!-- @BeforeSuite dataBaseConnection -->
  <testcase classname="com.crm.comcast.GenericUtility.BaseClass" name="@BeforeSuite dataBaseConnection" time="0.0">
    <ignored/>
  </testcase> <!-- @BeforeSuite dataBaseConnection -->
  <testcase classname="com.crm.comcast.GenericUtility.BaseClass" name="@AfterSuite closeDatabase" time="0.0">
    <ignored/>
  </testcase> <!-- @AfterSuite closeDatabase -->
  <testcase classname="com.crm.comcast.GenericUtility.BaseClass" name="@AfterSuite closeDatabase" time="0.0">
    <ignored/>
  </testcase> <!-- @AfterSuite closeDatabase -->
</testsuite> <!-- Test 1 -->
