<?xml version="1.0" encoding="UTF-8"?>
<testng-results ignored="8" total="14" passed="6" failed="0" skipped="0">
  <reporter-output>
  </reporter-output>
  <suite started-at="2022-01-24T08:49:33 IST" name="Suite" finished-at="2022-01-24T08:50:22 IST" duration-ms="48880">
    <groups>
      <group name="regressionTest">
        <method signature="DoNotCallBoxIsEnableOrNotTC_22Text.doNotCallBox()[pri:0, instance:contactTest.DoNotCallBoxIsEnableOrNotTC_22Text@6da21078]" name="doNotCallBox" class="contactTest.DoNotCallBoxIsEnableOrNotTC_22Text"/>
        <method signature="EmailOptOutBoxIsEnableOrNotTC_23Test.EmailOptOutBox()[pri:0, instance:contactTest.EmailOptOutBoxIsEnableOrNotTC_23Test@53fdffa1]" name="EmailOptOutBox" class="contactTest.EmailOptOutBoxIsEnableOrNotTC_23Test"/>
        <method signature="ReferanceBoxIsEnableOrNotTC_24Test.referanceBoxIsEnable()[pri:0, instance:contactTest.ReferanceBoxIsEnableOrNotTC_24Test@f736069]" name="referanceBoxIsEnable" class="contactTest.ReferanceBoxIsEnableOrNotTC_24Test"/>
        <method signature="DoNotCallBoxIsEnableOrNotTC_22Text.doNotCallBox()[pri:0, instance:contactTest.DoNotCallBoxIsEnableOrNotTC_22Text@4803b726]" name="doNotCallBox" class="contactTest.DoNotCallBoxIsEnableOrNotTC_22Text"/>
        <method signature="EmailOptOutBoxIsEnableOrNotTC_23Test.EmailOptOutBox()[pri:0, instance:contactTest.EmailOptOutBoxIsEnableOrNotTC_23Test@17497425]" name="EmailOptOutBox" class="contactTest.EmailOptOutBoxIsEnableOrNotTC_23Test"/>
        <method signature="ReferanceBoxIsEnableOrNotTC_24Test.referanceBoxIsEnable()[pri:0, instance:contactTest.ReferanceBoxIsEnableOrNotTC_24Test@f0da945]" name="referanceBoxIsEnable" class="contactTest.ReferanceBoxIsEnableOrNotTC_24Test"/>
      </group> <!-- regressionTest -->
    </groups>
    <test started-at="2022-01-24T08:49:33 IST" name="Test 2" finished-at="2022-01-24T08:50:22 IST" duration-ms="48680">
      <class name="contactTest.DoNotCallBoxIsEnableOrNotTC_22Text">
        <test-method is-config="true" signature="launchBrowser()[pri:0, instance:contactTest.DoNotCallBoxIsEnableOrNotTC_22Text@4803b726]" started-at="2022-01-24T08:50:06 IST" name="launchBrowser" finished-at="2022-01-24T08:50:08 IST" duration-ms="1823" status="PASS">
          <reporter-output>
          </reporter-output>
        </test-method> <!-- launchBrowser -->
        <test-method is-config="true" signature="loginToAppTest()[pri:0, instance:contactTest.DoNotCallBoxIsEnableOrNotTC_22Text@4803b726]" started-at="2022-01-24T08:50:08 IST" name="loginToAppTest" finished-at="2022-01-24T08:50:12 IST" duration-ms="3539" status="PASS">
          <reporter-output>
          </reporter-output>
        </test-method> <!-- loginToAppTest -->
        <test-method signature="doNotCallBox()[pri:0, instance:contactTest.DoNotCallBoxIsEnableOrNotTC_22Text@4803b726]" started-at="2022-01-24T08:50:12 IST" name="doNotCallBox" finished-at="2022-01-24T08:50:20 IST" duration-ms="8462" status="PASS">
          <reporter-output>
          </reporter-output>
        </test-method> <!-- doNotCallBox -->
        <test-method is-config="true" signature="logoutOfApplication()[pri:0, instance:contactTest.DoNotCallBoxIsEnableOrNotTC_22Text@4803b726]" started-at="2022-01-24T08:50:20 IST" name="logoutOfApplication" finished-at="2022-01-24T08:50:22 IST" duration-ms="2018" status="PASS">
          <reporter-output>
          </reporter-output>
        </test-method> <!-- logoutOfApplication -->
        <test-method is-config="true" signature="closeBrowser()[pri:0, instance:contactTest.DoNotCallBoxIsEnableOrNotTC_22Text@4803b726]" started-at="2022-01-24T08:50:22 IST" name="closeBrowser" finished-at="2022-01-24T08:50:22 IST" duration-ms="139" status="PASS">
          <reporter-output>
          </reporter-output>
        </test-method> <!-- closeBrowser -->
      </class> <!-- contactTest.DoNotCallBoxIsEnableOrNotTC_22Text -->
      <class name="contactTest.EmailOptOutBoxIsEnableOrNotTC_23Test">
        <test-method is-config="true" signature="dataBaseConnection()[pri:0, instance:contactTest.EmailOptOutBoxIsEnableOrNotTC_23Test@17497425]" started-at="2022-01-24T08:49:33 IST" name="dataBaseConnection" finished-at="2022-01-24T08:49:33 IST" duration-ms="9" status="PASS">
          <reporter-output>
          </reporter-output>
        </test-method> <!-- dataBaseConnection -->
        <test-method is-config="true" signature="launchBrowser()[pri:0, instance:contactTest.EmailOptOutBoxIsEnableOrNotTC_23Test@17497425]" started-at="2022-01-24T08:49:33 IST" name="launchBrowser" finished-at="2022-01-24T08:49:37 IST" duration-ms="3219" status="PASS">
          <reporter-output>
          </reporter-output>
        </test-method> <!-- launchBrowser -->
        <test-method is-config="true" signature="loginToAppTest()[pri:0, instance:contactTest.EmailOptOutBoxIsEnableOrNotTC_23Test@17497425]" started-at="2022-01-24T08:49:37 IST" name="loginToAppTest" finished-at="2022-01-24T08:49:40 IST" duration-ms="3607" status="PASS">
          <reporter-output>
          </reporter-output>
        </test-method> <!-- loginToAppTest -->
        <test-method signature="EmailOptOutBox()[pri:0, instance:contactTest.EmailOptOutBoxIsEnableOrNotTC_23Test@17497425]" started-at="2022-01-24T08:49:40 IST" name="EmailOptOutBox" finished-at="2022-01-24T08:49:49 IST" duration-ms="8594" status="PASS">
          <reporter-output>
          </reporter-output>
        </test-method> <!-- EmailOptOutBox -->
        <test-method is-config="true" signature="logoutOfApplication()[pri:0, instance:contactTest.EmailOptOutBoxIsEnableOrNotTC_23Test@17497425]" started-at="2022-01-24T08:49:49 IST" name="logoutOfApplication" finished-at="2022-01-24T08:49:51 IST" duration-ms="1941" status="PASS">
          <reporter-output>
          </reporter-output>
        </test-method> <!-- logoutOfApplication -->
        <test-method is-config="true" signature="closeBrowser()[pri:0, instance:contactTest.EmailOptOutBoxIsEnableOrNotTC_23Test@17497425]" started-at="2022-01-24T08:49:51 IST" name="closeBrowser" finished-at="2022-01-24T08:49:51 IST" duration-ms="154" status="PASS">
          <reporter-output>
          </reporter-output>
        </test-method> <!-- closeBrowser -->
        <test-method is-config="true" signature="closeDatabase()[pri:0, instance:contactTest.EmailOptOutBoxIsEnableOrNotTC_23Test@17497425]" started-at="2022-01-24T08:50:22 IST" name="closeDatabase" finished-at="2022-01-24T08:50:22 IST" duration-ms="0" status="PASS">
          <reporter-output>
          </reporter-output>
        </test-method> <!-- closeDatabase -->
      </class> <!-- contactTest.EmailOptOutBoxIsEnableOrNotTC_23Test -->
      <class name="contactTest.ReferanceBoxIsEnableOrNotTC_24Test">
        <test-method is-config="true" signature="launchBrowser()[pri:0, instance:contactTest.ReferanceBoxIsEnableOrNotTC_24Test@f0da945]" started-at="2022-01-24T08:49:51 IST" name="launchBrowser" finished-at="2022-01-24T08:49:53 IST" duration-ms="1811" status="PASS">
          <reporter-output>
          </reporter-output>
        </test-method> <!-- launchBrowser -->
        <test-method is-config="true" signature="loginToAppTest()[pri:0, instance:contactTest.ReferanceBoxIsEnableOrNotTC_24Test@f0da945]" started-at="2022-01-24T08:49:53 IST" name="loginToAppTest" finished-at="2022-01-24T08:49:56 IST" duration-ms="3452" status="PASS">
          <reporter-output>
          </reporter-output>
        </test-method> <!-- loginToAppTest -->
        <test-method signature="referanceBoxIsEnable()[pri:0, instance:contactTest.ReferanceBoxIsEnableOrNotTC_24Test@f0da945]" started-at="2022-01-24T08:49:56 IST" name="referanceBoxIsEnable" finished-at="2022-01-24T08:50:04 IST" duration-ms="7719" status="PASS">
          <reporter-output>
          </reporter-output>
        </test-method> <!-- referanceBoxIsEnable -->
        <test-method is-config="true" signature="logoutOfApplication()[pri:0, instance:contactTest.ReferanceBoxIsEnableOrNotTC_24Test@f0da945]" started-at="2022-01-24T08:50:04 IST" name="logoutOfApplication" finished-at="2022-01-24T08:50:06 IST" duration-ms="1992" status="PASS">
          <reporter-output>
          </reporter-output>
        </test-method> <!-- logoutOfApplication -->
        <test-method is-config="true" signature="closeBrowser()[pri:0, instance:contactTest.ReferanceBoxIsEnableOrNotTC_24Test@f0da945]" started-at="2022-01-24T08:50:06 IST" name="closeBrowser" finished-at="2022-01-24T08:50:06 IST" duration-ms="172" status="PASS">
          <reporter-output>
          </reporter-output>
        </test-method> <!-- closeBrowser -->
      </class> <!-- contactTest.ReferanceBoxIsEnableOrNotTC_24Test -->
    </test> <!-- Test 2 -->
    <test started-at="2022-01-24T08:49:33 IST" name="Test 1" finished-at="2022-01-24T08:50:22 IST" duration-ms="48880">
      <class name="contactTest.DoNotCallBoxIsEnableOrNotTC_22Text">
        <test-method is-config="true" signature="launchBrowser()[pri:0, instance:contactTest.DoNotCallBoxIsEnableOrNotTC_22Text@6da21078]" started-at="2022-01-24T08:50:06 IST" name="launchBrowser" finished-at="2022-01-24T08:50:08 IST" duration-ms="1825" status="PASS">
          <reporter-output>
          </reporter-output>
        </test-method> <!-- launchBrowser -->
        <test-method is-config="true" signature="loginToAppTest()[pri:0, instance:contactTest.DoNotCallBoxIsEnableOrNotTC_22Text@6da21078]" started-at="2022-01-24T08:50:08 IST" name="loginToAppTest" finished-at="2022-01-24T08:50:11 IST" duration-ms="3597" status="PASS">
          <reporter-output>
          </reporter-output>
        </test-method> <!-- loginToAppTest -->
        <test-method signature="doNotCallBox()[pri:0, instance:contactTest.DoNotCallBoxIsEnableOrNotTC_22Text@6da21078]" started-at="2022-01-24T08:50:11 IST" name="doNotCallBox" finished-at="2022-01-24T08:50:20 IST" duration-ms="8676" status="PASS">
          <reporter-output>
          </reporter-output>
        </test-method> <!-- doNotCallBox -->
        <test-method is-config="true" signature="logoutOfApplication()[pri:0, instance:contactTest.DoNotCallBoxIsEnableOrNotTC_22Text@6da21078]" started-at="2022-01-24T08:50:20 IST" name="logoutOfApplication" finished-at="2022-01-24T08:50:22 IST" duration-ms="2059" status="PASS">
          <reporter-output>
          </reporter-output>
        </test-method> <!-- logoutOfApplication -->
        <test-method is-config="true" signature="closeBrowser()[pri:0, instance:contactTest.DoNotCallBoxIsEnableOrNotTC_22Text@6da21078]" started-at="2022-01-24T08:50:22 IST" name="closeBrowser" finished-at="2022-01-24T08:50:22 IST" duration-ms="152" status="PASS">
          <reporter-output>
          </reporter-output>
        </test-method> <!-- closeBrowser -->
      </class> <!-- contactTest.DoNotCallBoxIsEnableOrNotTC_22Text -->
      <class name="contactTest.EmailOptOutBoxIsEnableOrNotTC_23Test">
        <test-method is-config="true" signature="launchBrowser()[pri:0, instance:contactTest.EmailOptOutBoxIsEnableOrNotTC_23Test@53fdffa1]" started-at="2022-01-24T08:49:33 IST" name="launchBrowser" finished-at="2022-01-24T08:49:37 IST" duration-ms="3223" status="PASS">
          <reporter-output>
          </reporter-output>
        </test-method> <!-- launchBrowser -->
        <test-method is-config="true" signature="loginToAppTest()[pri:0, instance:contactTest.EmailOptOutBoxIsEnableOrNotTC_23Test@53fdffa1]" started-at="2022-01-24T08:49:37 IST" name="loginToAppTest" finished-at="2022-01-24T08:49:40 IST" duration-ms="3730" status="PASS">
          <reporter-output>
          </reporter-output>
        </test-method> <!-- loginToAppTest -->
        <test-method signature="EmailOptOutBox()[pri:0, instance:contactTest.EmailOptOutBoxIsEnableOrNotTC_23Test@53fdffa1]" started-at="2022-01-24T08:49:40 IST" name="EmailOptOutBox" finished-at="2022-01-24T08:49:49 IST" duration-ms="8170" status="PASS">
          <reporter-output>
          </reporter-output>
        </test-method> <!-- EmailOptOutBox -->
        <test-method is-config="true" signature="logoutOfApplication()[pri:0, instance:contactTest.EmailOptOutBoxIsEnableOrNotTC_23Test@53fdffa1]" started-at="2022-01-24T08:49:49 IST" name="logoutOfApplication" finished-at="2022-01-24T08:49:51 IST" duration-ms="2008" status="PASS">
          <reporter-output>
          </reporter-output>
        </test-method> <!-- logoutOfApplication -->
        <test-method is-config="true" signature="closeBrowser()[pri:0, instance:contactTest.EmailOptOutBoxIsEnableOrNotTC_23Test@53fdffa1]" started-at="2022-01-24T08:49:51 IST" name="closeBrowser" finished-at="2022-01-24T08:49:51 IST" duration-ms="214" status="PASS">
          <reporter-output>
          </reporter-output>
        </test-method> <!-- closeBrowser -->
      </class> <!-- contactTest.EmailOptOutBoxIsEnableOrNotTC_23Test -->
      <class name="contactTest.ReferanceBoxIsEnableOrNotTC_24Test">
        <test-method is-config="true" signature="launchBrowser()[pri:0, instance:contactTest.ReferanceBoxIsEnableOrNotTC_24Test@f736069]" started-at="2022-01-24T08:49:51 IST" name="launchBrowser" finished-at="2022-01-24T08:49:53 IST" duration-ms="1752" status="PASS">
          <reporter-output>
          </reporter-output>
        </test-method> <!-- launchBrowser -->
        <test-method is-config="true" signature="loginToAppTest()[pri:0, instance:contactTest.ReferanceBoxIsEnableOrNotTC_24Test@f736069]" started-at="2022-01-24T08:49:53 IST" name="loginToAppTest" finished-at="2022-01-24T08:49:56 IST" duration-ms="3388" status="PASS">
          <reporter-output>
          </reporter-output>
        </test-method> <!-- loginToAppTest -->
        <test-method signature="referanceBoxIsEnable()[pri:0, instance:contactTest.ReferanceBoxIsEnableOrNotTC_24Test@f736069]" started-at="2022-01-24T08:49:56 IST" name="referanceBoxIsEnable" finished-at="2022-01-24T08:50:04 IST" duration-ms="7975" status="PASS">
          <reporter-output>
          </reporter-output>
        </test-method> <!-- referanceBoxIsEnable -->
        <test-method is-config="true" signature="logoutOfApplication()[pri:0, instance:contactTest.ReferanceBoxIsEnableOrNotTC_24Test@f736069]" started-at="2022-01-24T08:50:04 IST" name="logoutOfApplication" finished-at="2022-01-24T08:50:06 IST" duration-ms="1896" status="PASS">
          <reporter-output>
          </reporter-output>
        </test-method> <!-- logoutOfApplication -->
        <test-method is-config="true" signature="closeBrowser()[pri:0, instance:contactTest.ReferanceBoxIsEnableOrNotTC_24Test@f736069]" started-at="2022-01-24T08:50:06 IST" name="closeBrowser" finished-at="2022-01-24T08:50:06 IST" duration-ms="176" status="PASS">
          <reporter-output>
          </reporter-output>
        </test-method> <!-- closeBrowser -->
      </class> <!-- contactTest.ReferanceBoxIsEnableOrNotTC_24Test -->
    </test> <!-- Test 1 -->
  </suite> <!-- Suite -->
</testng-results>
